2025-01-14T05:35:33.353948Z 0 [Warning] [MY-010097] [Server] Insecure configuration for --secure-file-priv: Current value does not restrict location of generated files. Consider setting it to a valid, non-empty path.
2025-01-14T05:35:33.354022Z 0 [Warning] [MY-010918] [Server] 'default_authentication_plugin' is deprecated and will be removed in a future release. Please use authentication_policy instead.
2025-01-14T05:35:33.354060Z 0 [System] [MY-010116] [Server] C:\laragon\bin\mysql\mysql-8.0.30-winx64\bin\mysqld (mysqld 8.0.30) starting as process 18228
2025-01-14T05:35:33.398979Z 1 [System] [MY-013576] [InnoDB] InnoDB initialization has started.
2025-01-14T05:35:33.714051Z 1 [System] [MY-013577] [InnoDB] InnoDB initialization has ended.
2025-01-14T05:35:34.374005Z 0 [Warning] [MY-013829] [Server] Missing data directory for ICU regular expressions: C:\laragon\bin\mysql\mysql-8.0.30-winx64\lib\private\.
2025-01-14T05:35:34.379068Z 0 [Warning] [MY-010068] [Server] CA certificate ca.pem is self signed.
2025-01-14T05:35:34.379740Z 0 [System] [MY-013602] [Server] Channel mysql_main configured to support TLS. Encrypted connections are now supported for this channel.
2025-01-14T05:35:34.381377Z 0 [ERROR] [MY-010262] [Server] Can't start server: Bind on TCP/IP port: Only one usage of each socket address (protocol/network address/port) is normally permitted. 
2025-01-14T05:35:34.382593Z 0 [ERROR] [MY-010257] [Server] Do you already have another mysqld server running on port: 3306 ?
2025-01-14T05:35:34.383363Z 0 [ERROR] [MY-010119] [Server] Aborting
2025-01-14T05:35:35.638882Z 0 [System] [MY-010910] [Server] C:\laragon\bin\mysql\mysql-8.0.30-winx64\bin\mysqld: Shutdown complete (mysqld 8.0.30)  MySQL Community Server - GPL.
2025-01-15T00:47:33.223751Z 0 [Warning] [MY-010097] [Server] Insecure configuration for --secure-file-priv: Current value does not restrict location of generated files. Consider setting it to a valid, non-empty path.
2025-01-15T00:47:33.224183Z 0 [Warning] [MY-010918] [Server] 'default_authentication_plugin' is deprecated and will be removed in a future release. Please use authentication_policy instead.
2025-01-15T00:47:33.224252Z 0 [System] [MY-010116] [Server] C:\laragon\bin\mysql\mysql-8.0.30-winx64\bin\mysqld (mysqld 8.0.30) starting as process 11384
2025-01-15T00:47:33.287667Z 1 [System] [MY-013576] [InnoDB] InnoDB initialization has started.
2025-01-15T00:47:33.640552Z 1 [System] [MY-013577] [InnoDB] InnoDB initialization has ended.
2025-01-15T00:47:34.230499Z 0 [Warning] [MY-013829] [Server] Missing data directory for ICU regular expressions: C:\laragon\bin\mysql\mysql-8.0.30-winx64\lib\private\.
2025-01-15T00:47:34.244991Z 0 [Warning] [MY-010068] [Server] CA certificate ca.pem is self signed.
2025-01-15T00:47:34.245534Z 0 [System] [MY-013602] [Server] Channel mysql_main configured to support TLS. Encrypted connections are now supported for this channel.
2025-01-15T00:47:34.247486Z 0 [ERROR] [MY-010262] [Server] Can't start server: Bind on TCP/IP port: Only one usage of each socket address (protocol/network address/port) is normally permitted. 
2025-01-15T00:47:34.248417Z 0 [ERROR] [MY-010257] [Server] Do you already have another mysqld server running on port: 3306 ?
2025-01-15T00:47:34.249013Z 0 [ERROR] [MY-010119] [Server] Aborting
2025-01-15T00:47:35.479014Z 0 [System] [MY-010910] [Server] C:\laragon\bin\mysql\mysql-8.0.30-winx64\bin\mysqld: Shutdown complete (mysqld 8.0.30)  MySQL Community Server - GPL.
2025-01-16T04:08:57.082570Z 0 [Warning] [MY-010097] [Server] Insecure configuration for --secure-file-priv: Current value does not restrict location of generated files. Consider setting it to a valid, non-empty path.
2025-01-16T04:08:57.082636Z 0 [Warning] [MY-010918] [Server] 'default_authentication_plugin' is deprecated and will be removed in a future release. Please use authentication_policy instead.
2025-01-16T04:08:57.082668Z 0 [System] [MY-010116] [Server] C:\laragon\bin\mysql\mysql-8.0.30-winx64\bin\mysqld (mysqld 8.0.30) starting as process 19024
2025-01-16T04:08:57.139263Z 1 [System] [MY-013576] [InnoDB] InnoDB initialization has started.
2025-01-16T04:08:57.340428Z 1 [System] [MY-013577] [InnoDB] InnoDB initialization has ended.
2025-01-16T04:08:57.546884Z 0 [Warning] [MY-013829] [Server] Missing data directory for ICU regular expressions: C:\laragon\bin\mysql\mysql-8.0.30-winx64\lib\private\.
2025-01-16T04:08:57.558150Z 0 [Warning] [MY-010068] [Server] CA certificate ca.pem is self signed.
2025-01-16T04:08:57.558485Z 0 [System] [MY-013602] [Server] Channel mysql_main configured to support TLS. Encrypted connections are now supported for this channel.
2025-01-16T04:08:57.560201Z 0 [ERROR] [MY-010262] [Server] Can't start server: Bind on TCP/IP port: Only one usage of each socket address (protocol/network address/port) is normally permitted. 
2025-01-16T04:08:57.561500Z 0 [ERROR] [MY-010257] [Server] Do you already have another mysqld server running on port: 3306 ?
2025-01-16T04:08:57.562202Z 0 [ERROR] [MY-010119] [Server] Aborting
2025-01-16T04:08:58.790879Z 0 [System] [MY-010910] [Server] C:\laragon\bin\mysql\mysql-8.0.30-winx64\bin\mysqld: Shutdown complete (mysqld 8.0.30)  MySQL Community Server - GPL.
2025-01-17T04:14:24.925448Z 0 [Warning] [MY-010097] [Server] Insecure configuration for --secure-file-priv: Current value does not restrict location of generated files. Consider setting it to a valid, non-empty path.
2025-01-17T04:14:24.925515Z 0 [Warning] [MY-010918] [Server] 'default_authentication_plugin' is deprecated and will be removed in a future release. Please use authentication_policy instead.
2025-01-17T04:14:24.925547Z 0 [System] [MY-010116] [Server] C:\laragon\bin\mysql\mysql-8.0.30-winx64\bin\mysqld (mysqld 8.0.30) starting as process 14320
2025-01-17T04:14:24.987200Z 1 [System] [MY-013576] [InnoDB] InnoDB initialization has started.
2025-01-17T04:14:25.254381Z 1 [System] [MY-013577] [InnoDB] InnoDB initialization has ended.
2025-01-17T04:14:25.674237Z 0 [Warning] [MY-013829] [Server] Missing data directory for ICU regular expressions: C:\laragon\bin\mysql\mysql-8.0.30-winx64\lib\private\.
2025-01-17T04:14:25.683324Z 0 [Warning] [MY-010068] [Server] CA certificate ca.pem is self signed.
2025-01-17T04:14:25.683745Z 0 [System] [MY-013602] [Server] Channel mysql_main configured to support TLS. Encrypted connections are now supported for this channel.
2025-01-17T04:14:25.685383Z 0 [ERROR] [MY-010262] [Server] Can't start server: Bind on TCP/IP port: Only one usage of each socket address (protocol/network address/port) is normally permitted. 
2025-01-17T04:14:25.686098Z 0 [ERROR] [MY-010257] [Server] Do you already have another mysqld server running on port: 3306 ?
2025-01-17T04:14:25.686564Z 0 [ERROR] [MY-010119] [Server] Aborting
2025-01-17T04:14:26.975069Z 0 [System] [MY-010910] [Server] C:\laragon\bin\mysql\mysql-8.0.30-winx64\bin\mysqld: Shutdown complete (mysqld 8.0.30)  MySQL Community Server - GPL.
2025-01-17T07:39:27.970105Z 0 [Warning] [MY-010097] [Server] Insecure configuration for --secure-file-priv: Current value does not restrict location of generated files. Consider setting it to a valid, non-empty path.
2025-01-17T07:39:27.970207Z 0 [Warning] [MY-010918] [Server] 'default_authentication_plugin' is deprecated and will be removed in a future release. Please use authentication_policy instead.
2025-01-17T07:39:27.970273Z 0 [System] [MY-010116] [Server] C:\laragon\bin\mysql\mysql-8.0.30-winx64\bin\mysqld (mysqld 8.0.30) starting as process 6944
2025-01-17T07:39:28.024924Z 1 [System] [MY-013576] [InnoDB] InnoDB initialization has started.
2025-01-17T07:39:28.576247Z 1 [System] [MY-013577] [InnoDB] InnoDB initialization has ended.
2025-01-17T07:39:29.400336Z 0 [Warning] [MY-013829] [Server] Missing data directory for ICU regular expressions: C:\laragon\bin\mysql\mysql-8.0.30-winx64\lib\private\.
2025-01-17T07:39:29.406511Z 0 [Warning] [MY-010068] [Server] CA certificate ca.pem is self signed.
2025-01-17T07:39:29.407336Z 0 [System] [MY-013602] [Server] Channel mysql_main configured to support TLS. Encrypted connections are now supported for this channel.
2025-01-17T07:39:29.409214Z 0 [ERROR] [MY-010262] [Server] Can't start server: Bind on TCP/IP port: Only one usage of each socket address (protocol/network address/port) is normally permitted. 
2025-01-17T07:39:29.411075Z 0 [ERROR] [MY-010257] [Server] Do you already have another mysqld server running on port: 3306 ?
2025-01-17T07:39:29.412314Z 0 [ERROR] [MY-010119] [Server] Aborting
2025-01-17T07:39:30.651733Z 0 [System] [MY-010910] [Server] C:\laragon\bin\mysql\mysql-8.0.30-winx64\bin\mysqld: Shutdown complete (mysqld 8.0.30)  MySQL Community Server - GPL.
2025-01-17T09:01:06.643903Z 0 [Warning] [MY-010097] [Server] Insecure configuration for --secure-file-priv: Current value does not restrict location of generated files. Consider setting it to a valid, non-empty path.
2025-01-17T09:01:06.644002Z 0 [Warning] [MY-010918] [Server] 'default_authentication_plugin' is deprecated and will be removed in a future release. Please use authentication_policy instead.
2025-01-17T09:01:06.644057Z 0 [System] [MY-010116] [Server] C:\laragon\bin\mysql\mysql-8.0.30-winx64\bin\mysqld (mysqld 8.0.30) starting as process 1780
2025-01-17T09:01:06.692448Z 1 [System] [MY-013576] [InnoDB] InnoDB initialization has started.
2025-01-17T09:01:07.124338Z 1 [System] [MY-013577] [InnoDB] InnoDB initialization has ended.
2025-01-17T09:01:07.669491Z 0 [Warning] [MY-013829] [Server] Missing data directory for ICU regular expressions: C:\laragon\bin\mysql\mysql-8.0.30-winx64\lib\private\.
2025-01-17T09:01:07.675871Z 0 [Warning] [MY-010068] [Server] CA certificate ca.pem is self signed.
2025-01-17T09:01:07.676674Z 0 [System] [MY-013602] [Server] Channel mysql_main configured to support TLS. Encrypted connections are now supported for this channel.
2025-01-17T09:01:07.678665Z 0 [ERROR] [MY-010262] [Server] Can't start server: Bind on TCP/IP port: Only one usage of each socket address (protocol/network address/port) is normally permitted. 
2025-01-17T09:01:07.680115Z 0 [ERROR] [MY-010257] [Server] Do you already have another mysqld server running on port: 3306 ?
2025-01-17T09:01:07.681047Z 0 [ERROR] [MY-010119] [Server] Aborting
2025-01-17T09:01:09.022944Z 0 [System] [MY-010910] [Server] C:\laragon\bin\mysql\mysql-8.0.30-winx64\bin\mysqld: Shutdown complete (mysqld 8.0.30)  MySQL Community Server - GPL.
2025-01-18T07:46:33.022604Z 0 [Warning] [MY-010097] [Server] Insecure configuration for --secure-file-priv: Current value does not restrict location of generated files. Consider setting it to a valid, non-empty path.
2025-01-18T07:46:33.022694Z 0 [Warning] [MY-010918] [Server] 'default_authentication_plugin' is deprecated and will be removed in a future release. Please use authentication_policy instead.
2025-01-18T07:46:33.022743Z 0 [System] [MY-010116] [Server] C:\laragon\bin\mysql\mysql-8.0.30-winx64\bin\mysqld (mysqld 8.0.30) starting as process 1956
2025-01-18T07:46:33.091445Z 1 [System] [MY-013576] [InnoDB] InnoDB initialization has started.
2025-01-18T07:46:33.387147Z 1 [System] [MY-013577] [InnoDB] InnoDB initialization has ended.
2025-01-18T07:46:33.752299Z 0 [Warning] [MY-013829] [Server] Missing data directory for ICU regular expressions: C:\laragon\bin\mysql\mysql-8.0.30-winx64\lib\private\.
2025-01-18T07:46:33.768396Z 0 [Warning] [MY-010068] [Server] CA certificate ca.pem is self signed.
2025-01-18T07:46:33.768930Z 0 [System] [MY-013602] [Server] Channel mysql_main configured to support TLS. Encrypted connections are now supported for this channel.
2025-01-18T07:46:33.771354Z 0 [ERROR] [MY-010262] [Server] Can't start server: Bind on TCP/IP port: Only one usage of each socket address (protocol/network address/port) is normally permitted. 
2025-01-18T07:46:33.773328Z 0 [ERROR] [MY-010257] [Server] Do you already have another mysqld server running on port: 3306 ?
2025-01-18T07:46:33.774076Z 0 [ERROR] [MY-010119] [Server] Aborting
2025-01-18T07:46:35.041621Z 0 [System] [MY-010910] [Server] C:\laragon\bin\mysql\mysql-8.0.30-winx64\bin\mysqld: Shutdown complete (mysqld 8.0.30)  MySQL Community Server - GPL.
2025-01-19T11:44:39.163302Z 0 [Warning] [MY-010097] [Server] Insecure configuration for --secure-file-priv: Current value does not restrict location of generated files. Consider setting it to a valid, non-empty path.
2025-01-19T11:44:39.163397Z 0 [Warning] [MY-010918] [Server] 'default_authentication_plugin' is deprecated and will be removed in a future release. Please use authentication_policy instead.
2025-01-19T11:44:39.163447Z 0 [System] [MY-010116] [Server] C:\laragon\bin\mysql\mysql-8.0.30-winx64\bin\mysqld (mysqld 8.0.30) starting as process 14708
2025-01-19T11:44:39.220152Z 1 [System] [MY-013576] [InnoDB] InnoDB initialization has started.
2025-01-19T11:44:39.463989Z 1 [System] [MY-013577] [InnoDB] InnoDB initialization has ended.
2025-01-19T11:44:39.697968Z 0 [Warning] [MY-013829] [Server] Missing data directory for ICU regular expressions: C:\laragon\bin\mysql\mysql-8.0.30-winx64\lib\private\.
2025-01-19T11:44:39.714618Z 0 [Warning] [MY-010068] [Server] CA certificate ca.pem is self signed.
2025-01-19T11:44:39.715190Z 0 [System] [MY-013602] [Server] Channel mysql_main configured to support TLS. Encrypted connections are now supported for this channel.
2025-01-19T11:44:39.718101Z 0 [ERROR] [MY-010262] [Server] Can't start server: Bind on TCP/IP port: Only one usage of each socket address (protocol/network address/port) is normally permitted. 
2025-01-19T11:44:39.718644Z 0 [ERROR] [MY-010257] [Server] Do you already have another mysqld server running on port: 3306 ?
2025-01-19T11:44:39.719002Z 0 [ERROR] [MY-010119] [Server] Aborting
2025-01-19T11:44:40.982974Z 0 [System] [MY-010910] [Server] C:\laragon\bin\mysql\mysql-8.0.30-winx64\bin\mysqld: Shutdown complete (mysqld 8.0.30)  MySQL Community Server - GPL.
2025-01-21T04:40:37.757873Z 0 [Warning] [MY-010097] [Server] Insecure configuration for --secure-file-priv: Current value does not restrict location of generated files. Consider setting it to a valid, non-empty path.
2025-01-21T04:40:37.758490Z 0 [Warning] [MY-010918] [Server] 'default_authentication_plugin' is deprecated and will be removed in a future release. Please use authentication_policy instead.
2025-01-21T04:40:37.758528Z 0 [System] [MY-010116] [Server] C:\laragon\bin\mysql\mysql-8.0.30-winx64\bin\mysqld (mysqld 8.0.30) starting as process 15336
2025-01-21T04:40:37.862742Z 1 [System] [MY-013576] [InnoDB] InnoDB initialization has started.
2025-01-21T04:40:38.164011Z 1 [System] [MY-013577] [InnoDB] InnoDB initialization has ended.
2025-01-21T04:40:38.564641Z 0 [Warning] [MY-013829] [Server] Missing data directory for ICU regular expressions: C:\laragon\bin\mysql\mysql-8.0.30-winx64\lib\private\.
2025-01-21T04:40:38.579069Z 0 [Warning] [MY-010068] [Server] CA certificate ca.pem is self signed.
2025-01-21T04:40:38.579788Z 0 [System] [MY-013602] [Server] Channel mysql_main configured to support TLS. Encrypted connections are now supported for this channel.
2025-01-21T04:40:38.581994Z 0 [ERROR] [MY-010262] [Server] Can't start server: Bind on TCP/IP port: Only one usage of each socket address (protocol/network address/port) is normally permitted. 
2025-01-21T04:40:38.583116Z 0 [ERROR] [MY-010257] [Server] Do you already have another mysqld server running on port: 3306 ?
2025-01-21T04:40:38.583817Z 0 [ERROR] [MY-010119] [Server] Aborting
2025-01-21T04:40:39.840327Z 0 [System] [MY-010910] [Server] C:\laragon\bin\mysql\mysql-8.0.30-winx64\bin\mysqld: Shutdown complete (mysqld 8.0.30)  MySQL Community Server - GPL.
